  main.cpp
C:\Users\damgo\Downloads\GameTech_2017_C\Build\ncltech\SceneManager.h(53): warning C4267: 'return': conversion from 'size_t' to 'uint', possible loss of data
c:\users\damgo\downloads\gametech_2017_c\build\gametech coursework\EmptyScene.h(162): warning C4244: 'argument': conversion from 'double' to 'const float', possible loss of data
c:\users\damgo\downloads\gametech_2017_c\build\gametech coursework\Football_Scene.h(60): warning C4244: 'initializing': conversion from 'float' to 'int', possible loss of data
c:\users\damgo\downloads\gametech_2017_c\build\gametech coursework\Football_Scene.h(61): warning C4244: 'initializing': conversion from 'float' to 'int', possible loss of data
c:\users\damgo\downloads\gametech_2017_c\build\gametech coursework\Football_Scene.h(62): warning C4244: 'initializing': conversion from 'float' to 'int', possible loss of data
c:\users\damgo\downloads\gametech_2017_c\build\gametech coursework\Football_Scene.h(64): warning C4244: 'initializing': conversion from 'double' to 'float', possible loss of data
c:\users\damgo\downloads\gametech_2017_c\build\gametech coursework\Football_Scene.h(66): warning C4018: '<': signed/unsigned mismatch
c:\users\damgo\downloads\gametech_2017_c\build\gametech coursework\Football_Scene.h(67): warning C4018: '<': signed/unsigned mismatch
c:\users\damgo\downloads\gametech_2017_c\build\gametech coursework\Football_Scene.h(82): warning C4018: '<': signed/unsigned mismatch
c:\users\damgo\downloads\gametech_2017_c\build\gametech coursework\Football_Scene.h(83): warning C4018: '<': signed/unsigned mismatch
c:\users\damgo\downloads\gametech_2017_c\build\gametech coursework\Football_Scene.h(86): warning C4018: '<': signed/unsigned mismatch
c:\users\damgo\downloads\gametech_2017_c\build\gametech coursework\Football_Scene.h(89): warning C4018: '<': signed/unsigned mismatch
c:\users\damgo\downloads\gametech_2017_c\build\gametech coursework\Football_Scene.h(106): warning C4018: '<': signed/unsigned mismatch
c:\users\damgo\downloads\gametech_2017_c\build\gametech coursework\Football_Scene.h(107): warning C4018: '<': signed/unsigned mismatch
c:\users\damgo\downloads\gametech_2017_c\build\gametech coursework\Football_Scene.h(113): warning C4305: 'argument': truncation from 'double' to 'const float'
c:\users\damgo\downloads\gametech_2017_c\build\gametech coursework\Football_Scene.h(122): warning C4018: '<': signed/unsigned mismatch
c:\users\damgo\downloads\gametech_2017_c\build\gametech coursework\Football_Scene.h(123): warning C4018: '<': signed/unsigned mismatch
c:\users\damgo\downloads\gametech_2017_c\build\gametech coursework\Football_Scene.h(126): warning C4018: '<': signed/unsigned mismatch
c:\users\damgo\downloads\gametech_2017_c\build\gametech coursework\Football_Scene.h(129): warning C4018: '<': signed/unsigned mismatch
c:\users\damgo\downloads\gametech_2017_c\build\gametech coursework\Football_Scene.h(145): warning C4018: '<': signed/unsigned mismatch
c:\users\damgo\downloads\gametech_2017_c\build\gametech coursework\Football_Scene.h(146): warning C4018: '<': signed/unsigned mismatch
c:\users\damgo\downloads\gametech_2017_c\build\gametech coursework\Football_Scene.h(161): warning C4018: '<': signed/unsigned mismatch
c:\users\damgo\downloads\gametech_2017_c\build\gametech coursework\Football_Scene.h(162): warning C4018: '<': signed/unsigned mismatch
c:\users\damgo\downloads\gametech_2017_c\build\gametech coursework\Football_Scene.h(165): warning C4018: '<': signed/unsigned mismatch
c:\users\damgo\downloads\gametech_2017_c\build\gametech coursework\Football_Scene.h(168): warning C4018: '<': signed/unsigned mismatch
c:\users\damgo\downloads\gametech_2017_c\build\gametech coursework\Football_Scene.h(185): warning C4018: '<': signed/unsigned mismatch
c:\users\damgo\downloads\gametech_2017_c\build\gametech coursework\Football_Scene.h(186): warning C4018: '<': signed/unsigned mismatch
c:\users\damgo\downloads\gametech_2017_c\build\gametech coursework\Football_Scene.h(201): warning C4018: '<': signed/unsigned mismatch
c:\users\damgo\downloads\gametech_2017_c\build\gametech coursework\Football_Scene.h(202): warning C4018: '<': signed/unsigned mismatch
c:\users\damgo\downloads\gametech_2017_c\build\gametech coursework\Football_Scene.h(205): warning C4018: '<': signed/unsigned mismatch
c:\users\damgo\downloads\gametech_2017_c\build\gametech coursework\Football_Scene.h(208): warning C4018: '<': signed/unsigned mismatch
c:\users\damgo\downloads\gametech_2017_c\build\gametech coursework\Football_Scene.h(368): warning C4244: 'argument': conversion from 'double' to 'const float', possible loss of data
LINK : warning LNK4098: defaultlib 'LIBCMT' conflicts with use of other libs; use /NODEFAULTLIB:library
  Generating code
  270 of 3390 functions ( 8.0%) were compiled, the rest were copied from previous compilation.
    0 functions were new in current compilation
    102 functions had inline decision re-evaluated but remain unchanged
  Finished generating code
glew32.lib(glew.obj) : warning LNK4099: PDB 'vc120.pdb' was not found with 'glew32.lib(glew.obj)' or at 'C:\Users\damgo\Downloads\GameTech_2017_C\Build\x64\Release\vc120.pdb'; linking object as if no debug info
  GameTech Coursework.vcxproj -> C:\Users\damgo\Downloads\GameTech_2017_C\Build\x64\Release\GameTech Coursework.exe
