  Compiling CUDA source file CudaCollidingParticles.cu...
  
  C:\Users\damgo\Downloads\GameTech_2017_C\Build\Examples_Cuda>"C:\Program Files\NVIDIA GPU Computing Toolkit\CUDA\v9.0\bin\nvcc.exe" -gencode=arch=compute_30,code=\"sm_30,compute_30\" --use-local-env --cl-version 2017 -ccbin "C:\Program Files (x86)\Microsoft Visual Studio\2017\Enterprise\VC\Tools\MSVC\14.11.25503\bin\HostX86\x64" -x cu  -I"C:\Program Files\NVIDIA GPU Computing Toolkit\CUDA\v9.0\include" -I"C:\Program Files\NVIDIA GPU Computing Toolkit\CUDA\v9.0\include"     --keep-dir x64\Release -maxrregcount=0  --machine 64 --compile -cudart static     -D_CRT_SECURE_NO_WARNINGS -D_MBCS -D_MBCS -Xcompiler "/EHsc /W3 /nologo /O2 /FS /Zi  /MD " -o x64\Release\CudaCollidingParticles.cu.obj "C:\Users\damgo\Downloads\GameTech_2017_C\Build\Examples_Cuda\CudaCollidingParticles.cu" 
C:\Users\damgo\Downloads\GameTech_2017_C\Build\ExternalLibs\GLEW\include\GL\wglew.h(79): warning C4005: 'GLEWAPI': macro redefinition
C:\Users\damgo\Downloads\GameTech_2017_C\Build\ExternalLibs\GLEW\include\GL\wglew.h(79): warning C4005: 'GLEWAPI': macro redefinition
  CudaCollidingParticles.cu
C:\Program Files\NVIDIA GPU Computing Toolkit\CUDA\v9.0\include\thrust/iterator/iterator_adaptor.h(204): warning C4244: '+=': conversion from '__int64' to 'unsigned int', possible loss of data
  C:\Program Files\NVIDIA GPU Computing Toolkit\CUDA\v9.0\include\thrust/iterator/iterator_adaptor.h(202): note: while compiling class template member function 'void thrust::iterator_adaptor<thrust::counting_iterator<unsigned int,thrust::use_default,thrust::use_default,thrust::use_default>,Incrementable,Incrementable,thrust::any_system_tag,thrust::random_access_traversal_tag,Incrementable,__int64>::advance(__int64)'
          with
          [
              Incrementable=unsigned int
          ]
  C:\Program Files\NVIDIA GPU Computing Toolkit\CUDA\v9.0\include\thrust/iterator/iterator_facade.h(171): note: see reference to function template instantiation 'void thrust::iterator_adaptor<thrust::counting_iterator<unsigned int,thrust::use_default,thrust::use_default,thrust::use_default>,Incrementable,Incrementable,thrust::any_system_tag,thrust::random_access_traversal_tag,Incrementable,__int64>::advance(__int64)' being compiled
          with
          [
              Incrementable=unsigned int
          ]
  C:\Program Files\NVIDIA GPU Computing Toolkit\CUDA\v9.0\include\thrust\iterator\counting_iterator.h(132): note: see reference to class template instantiation 'thrust::iterator_adaptor<thrust::counting_iterator<unsigned int,thrust::use_default,thrust::use_default,thrust::use_default>,Incrementable,Incrementable,thrust::any_system_tag,thrust::random_access_traversal_tag,Incrementable,__int64>' being compiled
          with
          [
              Incrementable=unsigned int
          ]
  C:/Users/damgo/Downloads/GameTech_2017_C/Build/Examples_Cuda/CudaCollidingParticles.cu(459): note: see reference to class template instantiation 'thrust::counting_iterator<unsigned int,thrust::use_default,thrust::use_default,thrust::use_default>' being compiled
LINK : warning LNK4098: defaultlib 'LIBCMT' conflicts with use of other libs; use /NODEFAULTLIB:library
  Generating code
  250 of 3309 functions ( 7.6%) were compiled, the rest were copied from previous compilation.
    0 functions were new in current compilation
    40 functions had inline decision re-evaluated but remain unchanged
  Finished generating code
glew32.lib(glew.obj) : warning LNK4099: PDB 'vc120.pdb' was not found with 'glew32.lib(glew.obj)' or at 'C:\Users\damgo\Downloads\GameTech_2017_C\Build\x64\Release\vc120.pdb'; linking object as if no debug info
  Examples_Cuda.vcxproj -> C:\Users\damgo\Downloads\GameTech_2017_C\Build\x64\Release\Examples_Cuda.exe
