c:\users\damgo\downloads\gametech_2017_c\build\nclgl\x64\release\nclgl.pdb
c:\users\damgo\downloads\gametech_2017_c\build\nclgl\x64\release\shader.obj
c:\users\damgo\downloads\gametech_2017_c\build\nclgl\x64\release\rendernode.obj
c:\users\damgo\downloads\gametech_2017_c\build\nclgl\x64\release\quaternion.obj
c:\users\damgo\downloads\gametech_2017_c\build\nclgl\x64\release\plane.obj
c:\users\damgo\downloads\gametech_2017_c\build\nclgl\x64\release\oglrenderer.obj
c:\users\damgo\downloads\gametech_2017_c\build\nclgl\x64\release\objmesh.obj
c:\users\damgo\downloads\gametech_2017_c\build\nclgl\x64\release\mouse.obj
c:\users\damgo\downloads\gametech_2017_c\build\nclgl\x64\release\mesh.obj
c:\users\damgo\downloads\gametech_2017_c\build\nclgl\x64\release\md5node.obj
c:\users\damgo\downloads\gametech_2017_c\build\nclgl\x64\release\md5mesh.obj
c:\users\damgo\downloads\gametech_2017_c\build\nclgl\x64\release\md5filedata.obj
c:\users\damgo\downloads\gametech_2017_c\build\nclgl\x64\release\md5anim.obj
c:\users\damgo\downloads\gametech_2017_c\build\nclgl\x64\release\matrix4.obj
c:\users\damgo\downloads\gametech_2017_c\build\nclgl\x64\release\matrix3.obj
c:\users\damgo\downloads\gametech_2017_c\build\nclgl\x64\release\keyboard.obj
c:\users\damgo\downloads\gametech_2017_c\build\nclgl\x64\release\heightmap.obj
c:\users\damgo\downloads\gametech_2017_c\build\nclgl\x64\release\gametimer.obj
c:\users\damgo\downloads\gametech_2017_c\build\nclgl\x64\release\frustum.obj
c:\users\damgo\downloads\gametech_2017_c\build\nclgl\x64\release\cuberobot.obj
c:\users\damgo\downloads\gametech_2017_c\build\nclgl\x64\release\camera.obj
c:\users\damgo\downloads\gametech_2017_c\build\nclgl\x64\release\ncldebug.obj
c:\users\damgo\downloads\gametech_2017_c\build\nclgl\x64\release\window.obj
c:\users\damgo\downloads\gametech_2017_c\build\x64\release\nclgl.lib
c:\users\damgo\downloads\gametech_2017_c\build\nclgl\x64\release\nclgl.tlog\cl.command.1.tlog
c:\users\damgo\downloads\gametech_2017_c\build\nclgl\x64\release\nclgl.tlog\cl.read.1.tlog
c:\users\damgo\downloads\gametech_2017_c\build\nclgl\x64\release\nclgl.tlog\cl.write.1.tlog
c:\users\damgo\downloads\gametech_2017_c\build\nclgl\x64\release\nclgl.tlog\lib-link.read.1.tlog
c:\users\damgo\downloads\gametech_2017_c\build\nclgl\x64\release\nclgl.tlog\lib-link.write.1.tlog
c:\users\damgo\downloads\gametech_2017_c\build\nclgl\x64\release\nclgl.tlog\lib.command.1.tlog
