c:\users\damgo\downloads\gametech_2017_c\build\ncltech\x64\release\ncltech.pdb
c:\users\damgo\downloads\gametech_2017_c\build\ncltech\x64\release\spherecollisionshape.obj
c:\users\damgo\downloads\gametech_2017_c\build\ncltech\x64\release\screenpicker.obj
c:\users\damgo\downloads\gametech_2017_c\build\ncltech\x64\release\scenemanager.obj
c:\users\damgo\downloads\gametech_2017_c\build\ncltech\x64\release\physicsnode.obj
c:\users\damgo\downloads\gametech_2017_c\build\ncltech\x64\release\physicsengine.obj
c:\users\damgo\downloads\gametech_2017_c\build\ncltech\x64\release\octree.obj
c:\users\damgo\downloads\gametech_2017_c\build\ncltech\x64\release\networkbase.obj
c:\users\damgo\downloads\gametech_2017_c\build\ncltech\x64\release\manifold.obj
c:\users\damgo\downloads\gametech_2017_c\build\ncltech\x64\release\hull.obj
c:\users\damgo\downloads\gametech_2017_c\build\ncltech\x64\release\graphicspipeline.obj
c:\users\damgo\downloads\gametech_2017_c\build\ncltech\x64\release\geometryutils.obj
c:\users\damgo\downloads\gametech_2017_c\build\ncltech\x64\release\cuboidcollisionshape.obj
c:\users\damgo\downloads\gametech_2017_c\build\ncltech\x64\release\commonutils.obj
c:\users\damgo\downloads\gametech_2017_c\build\ncltech\x64\release\commonmeshes.obj
c:\users\damgo\downloads\gametech_2017_c\build\ncltech\x64\release\collisiondetectionsat.obj
c:\users\damgo\downloads\gametech_2017_c\build\x64\release\ncltech.lib
c:\users\damgo\downloads\gametech_2017_c\build\ncltech\x64\release\ncltech.tlog\cl.command.1.tlog
c:\users\damgo\downloads\gametech_2017_c\build\ncltech\x64\release\ncltech.tlog\cl.read.1.tlog
c:\users\damgo\downloads\gametech_2017_c\build\ncltech\x64\release\ncltech.tlog\cl.write.1.tlog
c:\users\damgo\downloads\gametech_2017_c\build\ncltech\x64\release\ncltech.tlog\lib-link.read.1.tlog
c:\users\damgo\downloads\gametech_2017_c\build\ncltech\x64\release\ncltech.tlog\lib-link.write.1.tlog
c:\users\damgo\downloads\gametech_2017_c\build\ncltech\x64\release\ncltech.tlog\lib.command.1.tlog
