  main.cpp
c:\users\damgo\downloads\gametech_2017_c\build\ncltech\scenemanager.h(53): warning C4267: 'return': conversion from 'size_t' to 'uint', possible loss of data
c:\users\damgo\downloads\gametech_2017_c\build\gametech coursework\football_scene.h(60): warning C4244: 'initializing': conversion from 'float' to 'int', possible loss of data
c:\users\damgo\downloads\gametech_2017_c\build\gametech coursework\football_scene.h(61): warning C4244: 'initializing': conversion from 'float' to 'int', possible loss of data
c:\users\damgo\downloads\gametech_2017_c\build\gametech coursework\football_scene.h(62): warning C4244: 'initializing': conversion from 'float' to 'int', possible loss of data
c:\users\damgo\downloads\gametech_2017_c\build\gametech coursework\football_scene.h(64): warning C4244: 'initializing': conversion from 'double' to 'float', possible loss of data
c:\users\damgo\downloads\gametech_2017_c\build\gametech coursework\football_scene.h(66): warning C4018: '<': signed/unsigned mismatch
c:\users\damgo\downloads\gametech_2017_c\build\gametech coursework\football_scene.h(67): warning C4018: '<': signed/unsigned mismatch
c:\users\damgo\downloads\gametech_2017_c\build\gametech coursework\football_scene.h(82): warning C4018: '<': signed/unsigned mismatch
c:\users\damgo\downloads\gametech_2017_c\build\gametech coursework\football_scene.h(83): warning C4018: '<': signed/unsigned mismatch
c:\users\damgo\downloads\gametech_2017_c\build\gametech coursework\football_scene.h(86): warning C4018: '<': signed/unsigned mismatch
c:\users\damgo\downloads\gametech_2017_c\build\gametech coursework\football_scene.h(89): warning C4018: '<': signed/unsigned mismatch
c:\users\damgo\downloads\gametech_2017_c\build\gametech coursework\football_scene.h(106): warning C4018: '<': signed/unsigned mismatch
c:\users\damgo\downloads\gametech_2017_c\build\gametech coursework\football_scene.h(107): warning C4018: '<': signed/unsigned mismatch
c:\users\damgo\downloads\gametech_2017_c\build\gametech coursework\football_scene.h(113): warning C4305: 'argument': truncation from 'double' to 'const float'
c:\users\damgo\downloads\gametech_2017_c\build\gametech coursework\football_scene.h(122): warning C4018: '<': signed/unsigned mismatch
c:\users\damgo\downloads\gametech_2017_c\build\gametech coursework\football_scene.h(123): warning C4018: '<': signed/unsigned mismatch
c:\users\damgo\downloads\gametech_2017_c\build\gametech coursework\football_scene.h(126): warning C4018: '<': signed/unsigned mismatch
c:\users\damgo\downloads\gametech_2017_c\build\gametech coursework\football_scene.h(129): warning C4018: '<': signed/unsigned mismatch
c:\users\damgo\downloads\gametech_2017_c\build\gametech coursework\football_scene.h(145): warning C4018: '<': signed/unsigned mismatch
c:\users\damgo\downloads\gametech_2017_c\build\gametech coursework\football_scene.h(146): warning C4018: '<': signed/unsigned mismatch
c:\users\damgo\downloads\gametech_2017_c\build\gametech coursework\football_scene.h(161): warning C4018: '<': signed/unsigned mismatch
c:\users\damgo\downloads\gametech_2017_c\build\gametech coursework\football_scene.h(162): warning C4018: '<': signed/unsigned mismatch
c:\users\damgo\downloads\gametech_2017_c\build\gametech coursework\football_scene.h(165): warning C4018: '<': signed/unsigned mismatch
c:\users\damgo\downloads\gametech_2017_c\build\gametech coursework\football_scene.h(168): warning C4018: '<': signed/unsigned mismatch
c:\users\damgo\downloads\gametech_2017_c\build\gametech coursework\football_scene.h(185): warning C4018: '<': signed/unsigned mismatch
c:\users\damgo\downloads\gametech_2017_c\build\gametech coursework\football_scene.h(186): warning C4018: '<': signed/unsigned mismatch
c:\users\damgo\downloads\gametech_2017_c\build\gametech coursework\football_scene.h(201): warning C4018: '<': signed/unsigned mismatch
c:\users\damgo\downloads\gametech_2017_c\build\gametech coursework\football_scene.h(202): warning C4018: '<': signed/unsigned mismatch
c:\users\damgo\downloads\gametech_2017_c\build\gametech coursework\football_scene.h(205): warning C4018: '<': signed/unsigned mismatch
c:\users\damgo\downloads\gametech_2017_c\build\gametech coursework\football_scene.h(208): warning C4018: '<': signed/unsigned mismatch
c:\users\damgo\downloads\gametech_2017_c\build\gametech coursework\football_scene.h(368): warning C4244: 'argument': conversion from 'double' to 'const float', possible loss of data
  TestScene.cpp
c:\users\damgo\downloads\gametech_2017_c\build\ncltech\scenemanager.h(53): warning C4267: 'return': conversion from 'size_t' to 'uint', possible loss of data
c:\users\damgo\downloads\gametech_2017_c\build\gametech coursework\testscene.cpp(41): warning C4129: 'p': unrecognized character escape sequence
  Generating Code...
  SOIL.lib(SOIL.obj) : MSIL .netmodule or module compiled with /GL found; restarting link with /LTCG; add /LTCG to the link command line to improve linker performance
LINK : warning LNK4075: ignoring '/INCREMENTAL' due to '/LTCG' specification
LINK : warning LNK4098: defaultlib 'MSVCRT' conflicts with use of other libs; use /NODEFAULTLIB:library
LINK : warning LNK4098: defaultlib 'LIBCMT' conflicts with use of other libs; use /NODEFAULTLIB:library
main.obj : error LNK2001: unresolved external symbol "public: void __cdecl Octree::push(class GameObject *)" (?push@Octree@@QEAAXPEAVGameObject@@@Z)
TestScene.obj : error LNK2001: unresolved external symbol "public: void __cdecl Octree::push(class GameObject *)" (?push@Octree@@QEAAXPEAVGameObject@@@Z)
main.obj : error LNK2001: unresolved external symbol "public: void __cdecl Octree::pop(class GameObject *)" (?pop@Octree@@QEAAXPEAVGameObject@@@Z)
TestScene.obj : error LNK2001: unresolved external symbol "public: void __cdecl Octree::pop(class GameObject *)" (?pop@Octree@@QEAAXPEAVGameObject@@@Z)
main.obj : error LNK2001: unresolved external symbol "public: void __cdecl Octree::empty(class Octree *)" (?empty@Octree@@QEAAXPEAV1@@Z)
TestScene.obj : error LNK2001: unresolved external symbol "public: void __cdecl Octree::empty(class Octree *)" (?empty@Octree@@QEAAXPEAV1@@Z)
main.obj : error LNK2001: unresolved external symbol "class GameObject * __cdecl CommonUtils::BuildPointObject(class std::basic_string<char,struct std::char_traits<char>,class std::allocator<char> > const &,class Vector3 const &,float,bool,float,bool,bool,class Vector4 const &)" (?BuildPointObject@CommonUtils@@YAPEAVGameObject@@AEBV?$basic_string@DU?$char_traits@D@std@@V?$allocator@D@2@@std@@AEBVVector3@@M_NM22AEBVVector4@@@Z)
C:\Users\damgo\Downloads\GameTech_2017_C\Build\x64\Debug\GameTech Coursework.exe : fatal error LNK1120: 4 unresolved externals
